<?xml version="1.0" encoding="UTF-8" ?>
<testsuite tests="2" failures="0" name="co.unicauca.travelagency.server.domain.CustomerServiceTest" time="0.001" errors="0" skipped="0">
  <properties>
[...]
</properties>
  <testcase classname="co.unicauca.travelagency.server.domain.CustomerServiceTest" name="co.unicauca.travelagency.server.domain.CustomerServiceTest.testFindCustomer" time="0.001"/>
  <testcase classname="co.unicauca.travelagency.server.domain.CustomerServiceTest" name="co.unicauca.travelagency.server.domain.CustomerServiceTest.testCreateCustomer" time="0"/>
</testsuite>